<?xml version="1.0" encoding="UTF-8"?>
<testsuite name="tests.WebQuizEngineTest" tests="1" skipped="0" failures="1" errors="0" timestamp="2020-05-14T00:32:39" hostname="STI_Vice" time="1.564">
  <properties/>
  <testcase name="start" classname="tests.WebQuizEngineTest" time="1.564">
    <failure message="java.lang.AssertionError: Wrong answer in test #6&#10;&#10;POST /api/register should respond with status code 400, responded: 200&#10;&#10;Response body:&#10;&#10;{&quot;id&quot;:5,&quot;email&quot;:&quot;someuser@gmail.com&quot;,&quot;password&quot;:&quot;$2a$08$iqJT7BPgq5gl01l4k2Rb4uBKXBtIS5Ed3BZKB837ZlnDUZKxSiAvu&quot;,&quot;authority&quot;:&quot;USER&quot;,&quot;enabled&quot;:true,&quot;questions&quot;:[],&quot;username&quot;:&quot;someuser@gmail.com&quot;,&quot;accountNonExpired&quot;:true,&quot;credentialsNonExpired&quot;:true,&quot;accountNonLocked&quot;:true,&quot;authorities&quot;:[{&quot;authority&quot;:&quot;USER&quot;}]}" type="java.lang.AssertionError">java.lang.AssertionError: Wrong answer in test #6

POST /api/register should respond with status code 400, responded: 200

Response body:

{&quot;id&quot;:5,&quot;email&quot;:&quot;someuser@gmail.com&quot;,&quot;password&quot;:&quot;$2a$08$iqJT7BPgq5gl01l4k2Rb4uBKXBtIS5Ed3BZKB837ZlnDUZKxSiAvu&quot;,&quot;authority&quot;:&quot;USER&quot;,&quot;enabled&quot;:true,&quot;questions&quot;:[],&quot;username&quot;:&quot;someuser@gmail.com&quot;,&quot;accountNonExpired&quot;:true,&quot;credentialsNonExpired&quot;:true,&quot;accountNonLocked&quot;:true,&quot;authorities&quot;:[{&quot;authority&quot;:&quot;USER&quot;}]}
	at org.junit.Assert.fail(Assert.java:88)
	at org.hyperskill.hstest.stage.StageTest.start(StageTest.java:102)
	at java.base/jdk.internal.reflect.NativeMethodAccessorImpl.invoke0(Native Method)
	at java.base/jdk.internal.reflect.NativeMethodAccessorImpl.invoke(NativeMethodAccessorImpl.java:62)
	at java.base/jdk.internal.reflect.DelegatingMethodAccessorImpl.invoke(DelegatingMethodAccessorImpl.java:43)
	at java.base/java.lang.reflect.Method.invoke(Method.java:566)
	at org.junit.runners.model.FrameworkMethod$1.runReflectiveCall(FrameworkMethod.java:50)
	at org.junit.internal.runners.model.ReflectiveCallable.run(ReflectiveCallable.java:12)
	at org.junit.runners.model.FrameworkMethod.invokeExplosively(FrameworkMethod.java:47)
	at org.junit.internal.runners.statements.InvokeMethod.evaluate(InvokeMethod.java:17)
	at org.junit.internal.runners.statements.RunAfters.evaluate(RunAfters.java:27)
	at org.junit.runners.ParentRunner.runLeaf(ParentRunner.java:325)
	at org.junit.runners.BlockJUnit4ClassRunner.runChild(BlockJUnit4ClassRunner.java:78)
	at org.junit.runners.BlockJUnit4ClassRunner.runChild(BlockJUnit4ClassRunner.java:57)
	at org.junit.runners.ParentRunner$3.run(ParentRunner.java:290)
	at org.junit.runners.ParentRunner$1.schedule(ParentRunner.java:71)
	at org.junit.runners.ParentRunner.runChildren(ParentRunner.java:288)
	at org.junit.runners.ParentRunner.access$000(ParentRunner.java:58)
	at org.junit.runners.ParentRunner$2.evaluate(ParentRunner.java:268)
	at org.junit.runners.ParentRunner.run(ParentRunner.java:363)
	at org.gradle.api.internal.tasks.testing.junit.JUnitTestClassExecutor.runTestClass(JUnitTestClassExecutor.java:110)
	at org.gradle.api.internal.tasks.testing.junit.JUnitTestClassExecutor.execute(JUnitTestClassExecutor.java:58)
	at org.gradle.api.internal.tasks.testing.junit.JUnitTestClassExecutor.execute(JUnitTestClassExecutor.java:38)
	at org.gradle.api.internal.tasks.testing.junit.AbstractJUnitTestClassProcessor.processTestClass(AbstractJUnitTestClassProcessor.java:62)
	at org.gradle.api.internal.tasks.testing.SuiteTestClassProcessor.processTestClass(SuiteTestClassProcessor.java:51)
	at java.base/jdk.internal.reflect.NativeMethodAccessorImpl.invoke0(Native Method)
	at java.base/jdk.internal.reflect.NativeMethodAccessorImpl.invoke(NativeMethodAccessorImpl.java:62)
	at java.base/jdk.internal.reflect.DelegatingMethodAccessorImpl.invoke(DelegatingMethodAccessorImpl.java:43)
	at java.base/java.lang.reflect.Method.invoke(Method.java:566)
	at org.gradle.internal.dispatch.ReflectionDispatch.dispatch(ReflectionDispatch.java:35)
	at org.gradle.internal.dispatch.ReflectionDispatch.dispatch(ReflectionDispatch.java:24)
	at org.gradle.internal.dispatch.ContextClassLoaderDispatch.dispatch(ContextClassLoaderDispatch.java:32)
	at org.gradle.internal.dispatch.ProxyDispatchAdapter$DispatchingInvocationHandler.invoke(ProxyDispatchAdapter.java:93)
	at com.sun.proxy.$Proxy2.processTestClass(Unknown Source)
	at org.gradle.api.internal.tasks.testing.worker.TestWorker.processTestClass(TestWorker.java:118)
	at java.base/jdk.internal.reflect.NativeMethodAccessorImpl.invoke0(Native Method)
	at java.base/jdk.internal.reflect.NativeMethodAccessorImpl.invoke(NativeMethodAccessorImpl.java:62)
	at java.base/jdk.internal.reflect.DelegatingMethodAccessorImpl.invoke(DelegatingMethodAccessorImpl.java:43)
	at java.base/java.lang.reflect.Method.invoke(Method.java:566)
	at org.gradle.internal.dispatch.ReflectionDispatch.dispatch(ReflectionDispatch.java:35)
	at org.gradle.internal.dispatch.ReflectionDispatch.dispatch(ReflectionDispatch.java:24)
	at org.gradle.internal.remote.internal.hub.MessageHubBackedObjectConnection$DispatchWrapper.dispatch(MessageHubBackedObjectConnection.java:175)
	at org.gradle.internal.remote.internal.hub.MessageHubBackedObjectConnection$DispatchWrapper.dispatch(MessageHubBackedObjectConnection.java:157)
	at org.gradle.internal.remote.internal.hub.MessageHub$Handler.run(MessageHub.java:404)
	at org.gradle.internal.concurrent.ExecutorPolicy$CatchAndRecordFailures.onExecute(ExecutorPolicy.java:63)
	at org.gradle.internal.concurrent.ManagedExecutorImpl$1.run(ManagedExecutorImpl.java:46)
	at java.base/java.util.concurrent.ThreadPoolExecutor.runWorker(ThreadPoolExecutor.java:1128)
	at java.base/java.util.concurrent.ThreadPoolExecutor$Worker.run(ThreadPoolExecutor.java:628)
	at org.gradle.internal.concurrent.ThreadFactoryImpl$ManagedThreadRunnable.run(ThreadFactoryImpl.java:55)
	at java.base/java.lang.Thread.run(Thread.java:834)
</failure>
  </testcase>
  <system-out><![CDATA[?[1;31m
Start test 1?[0m

  .   ____          _            __ _ _
 /\\ / ___'_ __ _ _(_)_ __  __ _ \ \ \ \
( ( )\___ | '_ | '_| | '_ \/ _` | \ \ \ \
 \\/  ___)| |_)| | | | | || (_| |  ) ) ) )
  '  |____| .__|_| |_|_| |_\__, | / / / /
 =========|_|==============|___/=/_/_/_/
 :: Spring Boot ::        (v2.2.2.RELEASE)

2020-05-14 03:32:39.939  INFO 11708 --- [    Test worker] engine.WebQuizEngine                     : Starting WebQuizEngine on STI_Vice with PID 11708 (started by V_Iavorschi in D:\Projects\JAVA\Web Quiz Engine\Web Quiz Engine\task)
2020-05-14 03:32:39.939  INFO 11708 --- [    Test worker] engine.WebQuizEngine                     : No active profile set, falling back to default profiles: default
2020-05-14 03:32:40.237  INFO 11708 --- [    Test worker] .s.d.r.c.RepositoryConfigurationDelegate : Bootstrapping Spring Data JPA repositories in DEFAULT mode.
2020-05-14 03:32:40.250  INFO 11708 --- [    Test worker] .s.d.r.c.RepositoryConfigurationDelegate : Finished Spring Data repository scanning in 12ms. Found 2 JPA repository interfaces.
2020-05-14 03:32:40.303  INFO 11708 --- [    Test worker] trationDelegate$BeanPostProcessorChecker : Bean 'org.springframework.transaction.annotation.ProxyTransactionManagementConfiguration' of type [org.springframework.transaction.annotation.ProxyTransactionManagementConfiguration] is not eligible for getting processed by all BeanPostProcessors (for example: not eligible for auto-proxying)
2020-05-14 03:32:40.339  WARN 11708 --- [    Test worker] org.apache.tomcat.util.modeler.Registry  : The MBean registry cannot be disabled because it has already been initialised
2020-05-14 03:32:40.346  INFO 11708 --- [    Test worker] o.s.b.w.embedded.tomcat.TomcatWebServer  : Tomcat initialized with port(s): 8889 (http)
2020-05-14 03:32:40.347  INFO 11708 --- [    Test worker] o.apache.catalina.core.StandardService   : Starting service [Tomcat]
2020-05-14 03:32:40.348  INFO 11708 --- [    Test worker] org.apache.catalina.core.StandardEngine  : Starting Servlet engine: [Apache Tomcat/9.0.29]
2020-05-14 03:32:40.387  INFO 11708 --- [       Thread-6] o.s.s.concurrent.ThreadPoolTaskExecutor  : Shutting down ExecutorService 'applicationTaskExecutor'
2020-05-14 03:32:40.389  INFO 11708 --- [       Thread-6] j.LocalContainerEntityManagerFactoryBean : Closing JPA EntityManagerFactory for persistence unit 'default'
2020-05-14 03:32:40.390  INFO 11708 --- [    Test worker] o.s.web.context.ContextLoader            : Root WebApplicationContext: initialization completed in 447 ms
2020-05-14 03:32:40.392  INFO 11708 --- [       Thread-6] com.zaxxer.hikari.HikariDataSource       : HikariPool-1 - Shutdown initiated...
2020-05-14 03:32:40.432  INFO 11708 --- [       Thread-6] com.zaxxer.hikari.HikariDataSource       : HikariPool-1 - Shutdown completed.
2020-05-14 03:32:40.568  INFO 11708 --- [    Test worker] o.hibernate.jpa.internal.util.LogHelper  : HHH000204: Processing PersistenceUnitInfo [name: default]
2020-05-14 03:32:40.574  INFO 11708 --- [    Test worker] com.zaxxer.hikari.HikariDataSource       : HikariPool-2 - Starting...
2020-05-14 03:32:40.583  INFO 11708 --- [    Test worker] com.zaxxer.hikari.HikariDataSource       : HikariPool-2 - Start completed.
2020-05-14 03:32:40.583  INFO 11708 --- [    Test worker] org.hibernate.dialect.Dialect            : HHH000400: Using dialect: org.hibernate.dialect.H2Dialect
2020-05-14 03:32:40.698  INFO 11708 --- [    Test worker] o.h.e.t.j.p.i.JtaPlatformInitiator       : HHH000490: Using JtaPlatform implementation: [org.hibernate.engine.transaction.jta.platform.internal.NoJtaPlatform]
2020-05-14 03:32:40.699  INFO 11708 --- [    Test worker] j.LocalContainerEntityManagerFactoryBean : Initialized JPA EntityManagerFactory for persistence unit 'default'
2020-05-14 03:32:40.720  WARN 11708 --- [    Test worker] JpaBaseConfiguration$JpaWebConfiguration : spring.jpa.open-in-view is enabled by default. Therefore, database queries may be performed during view rendering. Explicitly configure spring.jpa.open-in-view to disable this warning
2020-05-14 03:32:40.815  INFO 11708 --- [    Test worker] o.s.s.web.DefaultSecurityFilterChain     : Creating filter chain: any request, [org.springframework.security.web.context.request.async.WebAsyncManagerIntegrationFilter@604e6de1, org.springframework.security.web.context.SecurityContextPersistenceFilter@797b02ec, org.springframework.security.web.header.HeaderWriterFilter@7acd349a, org.springframework.security.web.authentication.logout.LogoutFilter@786554d6, org.springframework.security.web.authentication.UsernamePasswordAuthenticationFilter@7dba8d17, org.springframework.security.web.authentication.ui.DefaultLoginPageGeneratingFilter@76643ebd, org.springframework.security.web.authentication.ui.DefaultLogoutPageGeneratingFilter@adf6de2, org.springframework.security.web.authentication.www.BasicAuthenticationFilter@35aad83f, org.springframework.security.web.savedrequest.RequestCacheAwareFilter@60b9eb4f, org.springframework.security.web.servletapi.SecurityContextHolderAwareRequestFilter@73437a26, org.springframework.security.web.authentication.AnonymousAuthenticationFilter@23a49b9b, org.springframework.security.web.session.SessionManagementFilter@30a6b09b, org.springframework.security.web.access.ExceptionTranslationFilter@8f23531, org.springframework.security.web.access.intercept.FilterSecurityInterceptor@6e809f7d]
2020-05-14 03:32:40.862  INFO 11708 --- [    Test worker] o.s.s.concurrent.ThreadPoolTaskExecutor  : Initializing ExecutorService 'applicationTaskExecutor'
2020-05-14 03:32:40.958  INFO 11708 --- [    Test worker] o.s.b.a.e.web.EndpointLinksResolver      : Exposing 14 endpoint(s) beneath base path '/actuator'
2020-05-14 03:32:40.980  INFO 11708 --- [    Test worker] o.s.b.w.embedded.tomcat.TomcatWebServer  : Tomcat started on port(s): 8889 (http) with context path ''
2020-05-14 03:32:40.981  INFO 11708 --- [    Test worker] engine.WebQuizEngine                     : Started WebQuizEngine in 1.059 seconds (JVM running for 17.65)
2020-05-14 03:32:40.994  INFO 11708 --- [nio-8889-exec-1] o.s.web.servlet.DispatcherServlet        : Initializing Servlet 'dispatcherServlet'
2020-05-14 03:32:40.999  INFO 11708 --- [nio-8889-exec-1] o.s.web.servlet.DispatcherServlet        : Completed initialization in 4 ms
?[1;31m
Start test 2?[0m
?[1;31m
Start test 3?[0m
?[1;31m
Start test 4?[0m
?[1;31m
Start test 5?[0m
?[1;31m
Start test 6?[0m
]]></system-out>
  <system-err><![CDATA[]]></system-err>
</testsuite>
